<?xml version="1.0" encoding="UTF-8"?>
<!-- Generated by org.testng.reporters.JUnitXMLReporter -->
<testsuite ignored="0" hostname="DESKTOP-8N3GFA8" failures="0" tests="1" name="Default test" time="0.039" errors="0" timestamp="2023-01-18T12:26:11 IST">
  <testcase classname="Test_Regression.BaseClass" name="@BeforeSuite initializeDriver" time="-1.67402497143E9">
    <failure type="org.testng.TestNGException" message="
Parameter &amp;apos;enviroment&amp;apos; is required by BeforeSuite on method initializeDriver but has not been marked @Optional or defined
in C:\Users\Vaishali Srivastav\AppData\Local\Temp\testng-eclipse--484244703\testng-customsuite.xml">
      <![CDATA[org.testng.TestNGException: 
Parameter 'enviroment' is required by BeforeSuite on method initializeDriver but has not been marked @Optional or defined
in C:\Users\Vaishali Srivastav\AppData\Local\Temp\testng-eclipse--484244703\testng-customsuite.xml
at org.testng.internal.Parameters.createParams(Parameters.java:267)
at org.testng.internal.Parameters.createParametersForMethod(Parameters.java:355)
at org.testng.internal.Parameters.createParameters(Parameters.java:684)
at org.testng.internal.Parameters.createConfigurationParameters(Parameters.java:166)
at org.testng.internal.invokers.ConfigInvoker.invokeConfigurations(ConfigInvoker.java:277)
at org.testng.SuiteRunner.privateRun(SuiteRunner.java:372)
at org.testng.SuiteRunner.run(SuiteRunner.java:330)
at org.testng.SuiteRunnerWorker.runSuite(SuiteRunnerWorker.java:52)
at org.testng.SuiteRunnerWorker.run(SuiteRunnerWorker.java:95)
at org.testng.TestNG.runSuitesSequentially(TestNG.java:1256)
at org.testng.TestNG.runSuitesLocally(TestNG.java:1176)
at org.testng.TestNG.runSuites(TestNG.java:1099)
at org.testng.TestNG.run(TestNG.java:1067)
at org.testng.remote.AbstractRemoteTestNG.run(AbstractRemoteTestNG.java:115)
at org.testng.remote.RemoteTestNG.initAndRun(RemoteTestNG.java:251)
at org.testng.remote.RemoteTestNG.main(RemoteTestNG.java:77)
]]>
    </failure>
  </testcase> <!-- @BeforeSuite initializeDriver -->
  <testcase classname="Test_Regression.LoginPage" name="Invalid_email" time="0.0">
    <skipped/>
  </testcase> <!-- Invalid_email -->
</testsuite> <!-- Default test -->
